[debug] [2024-09-28T13:40:53.604Z] ----------------------------------------------------------------------
[debug] [2024-09-28T13:40:53.608Z] Command:       C:\Program Files\nodejs\node.exe C:\Users\Lenovo\AppData\Roaming\npm\node_modules\firebase-tools\lib\bin\firebase.js deploy
[debug] [2024-09-28T13:40:53.608Z] CLI Version:   13.20.1
[debug] [2024-09-28T13:40:53.609Z] Platform:      win32
[debug] [2024-09-28T13:40:53.609Z] Node Version:  v20.10.0
[debug] [2024-09-28T13:40:53.609Z] Time:          Sat Sep 28 2024 19:10:53 GMT+0530 (India Standard Time)
[debug] [2024-09-28T13:40:53.609Z] ----------------------------------------------------------------------
[debug] 
[debug] [2024-09-28T13:40:53.685Z] > command requires scopes: ["email","openid","https://www.googleapis.com/auth/cloudplatformprojects.readonly","https://www.googleapis.com/auth/firebase","https://www.googleapis.com/auth/cloud-platform"]
[debug] [2024-09-28T13:40:53.685Z] > authorizing via signed-in user (roshan.angrio13@gmail.com)
[debug] [2024-09-28T13:40:53.685Z] [iam] checking project crud-operation-53f92 for permissions ["firebase.projects.get","firebasehosting.sites.update"]
[debug] [2024-09-28T13:40:53.687Z] Checked if tokens are valid: true, expires at: 1727534253978
[debug] [2024-09-28T13:40:53.687Z] Checked if tokens are valid: true, expires at: 1727534253978
[debug] [2024-09-28T13:40:53.688Z] >>> [apiv2][query] POST https://cloudresourcemanager.googleapis.com/v1/projects/crud-operation-53f92:testIamPermissions [none]
[debug] [2024-09-28T13:40:53.688Z] >>> [apiv2][(partial)header] POST https://cloudresourcemanager.googleapis.com/v1/projects/crud-operation-53f92:testIamPermissions x-goog-quota-user=projects/crud-operation-53f92
[debug] [2024-09-28T13:40:53.688Z] >>> [apiv2][body] POST https://cloudresourcemanager.googleapis.com/v1/projects/crud-operation-53f92:testIamPermissions {"permissions":["firebase.projects.get","firebasehosting.sites.update"]}
[debug] [2024-09-28T13:40:55.397Z] <<< [apiv2][status] POST https://cloudresourcemanager.googleapis.com/v1/projects/crud-operation-53f92:testIamPermissions 200
[debug] [2024-09-28T13:40:55.397Z] <<< [apiv2][body] POST https://cloudresourcemanager.googleapis.com/v1/projects/crud-operation-53f92:testIamPermissions {"permissions":["firebase.projects.get","firebasehosting.sites.update"]}
[debug] [2024-09-28T13:40:55.398Z] Checked if tokens are valid: true, expires at: 1727534253978
[debug] [2024-09-28T13:40:55.398Z] Checked if tokens are valid: true, expires at: 1727534253978
[debug] [2024-09-28T13:40:55.399Z] >>> [apiv2][query] GET https://firebase.googleapis.com/v1beta1/projects/crud-operation-53f92 [none]
[debug] [2024-09-28T13:40:56.448Z] <<< [apiv2][status] GET https://firebase.googleapis.com/v1beta1/projects/crud-operation-53f92 200
[debug] [2024-09-28T13:40:56.448Z] <<< [apiv2][body] GET https://firebase.googleapis.com/v1beta1/projects/crud-operation-53f92 {"projectId":"crud-operation-53f92","projectNumber":"871937597927","displayName":"CRUD-Operation","name":"projects/crud-operation-53f92","resources":{"hostingSite":"crud-operation-53f92"},"state":"ACTIVE","etag":"1_998074cb-8acc-4855-9dd1-afe63938ebca"}
[info] 
[info] === Deploying to 'crud-operation-53f92'...
[info] 
[info] i  deploying hosting 
[debug] [2024-09-28T13:40:56.464Z] Checked if tokens are valid: true, expires at: 1727534253978
[debug] [2024-09-28T13:40:56.465Z] Checked if tokens are valid: true, expires at: 1727534253978
[debug] [2024-09-28T13:40:56.466Z] >>> [apiv2][query] POST https://firebasehosting.googleapis.com/v1beta1/projects/-/sites/crud-operation-53f92/versions [none]
[debug] [2024-09-28T13:40:56.466Z] >>> [apiv2][body] POST https://firebasehosting.googleapis.com/v1beta1/projects/-/sites/crud-operation-53f92/versions {"status":"CREATED","labels":{"deployment-tool":"cli-firebase"}}
[debug] [2024-09-28T13:40:57.888Z] <<< [apiv2][status] POST https://firebasehosting.googleapis.com/v1beta1/projects/-/sites/crud-operation-53f92/versions 200
[debug] [2024-09-28T13:40:57.888Z] <<< [apiv2][body] POST https://firebasehosting.googleapis.com/v1beta1/projects/-/sites/crud-operation-53f92/versions {"name":"projects/871937597927/sites/crud-operation-53f92/versions/5e78113311517985","status":"CREATED","config":{},"labels":{"deployment-tool":"cli-firebase"}}
[info] i  hosting[crud-operation-53f92]: beginning deploy... 
[info] i  hosting[crud-operation-53f92]: found 9 files in dist 
[debug] [2024-09-28T13:40:57.924Z] [hosting] uploading with 200 concurrency
[debug] [2024-09-28T13:40:57.940Z] Checked if tokens are valid: true, expires at: 1727534253978
[debug] [2024-09-28T13:40:57.940Z] Checked if tokens are valid: true, expires at: 1727534253978
[debug] [2024-09-28T13:40:57.943Z] [hosting] hash cache [ZGlzdA] stored for 9 files
[debug] [2024-09-28T13:40:57.944Z] [hosting][hash queue][FINAL] {"max":6,"min":1,"avg":1,"active":0,"complete":9,"success":9,"errored":0,"retried":0,"total":9,"elapsed":12}
[debug] [2024-09-28T13:40:57.944Z] >>> [apiv2][query] POST https://firebasehosting.googleapis.com/v1beta1/projects/871937597927/sites/crud-operation-53f92/versions/5e78113311517985:populateFiles [none]
[debug] [2024-09-28T13:40:57.945Z] >>> [apiv2][body] POST https://firebasehosting.googleapis.com/v1beta1/projects/871937597927/sites/crud-operation-53f92/versions/5e78113311517985:populateFiles {"files":{"/styles.3073e10a0bddda7f.css":"c0295804f1aa671c5de7a441f0e20a09d38a4a2ecaefe9cb99e60f4c22ec5959","/runtime.b78b4d4abca25f60.js":"fd686308785c4d74f399294e5eff10b216028f7b9dbb7566bce0440662933746","/polyfills.167166435e52e6ff.js":"3a270bea64df297ebe99ae8e2dc95fac2b17e002ea9f09bb97ef6146dd438e73","/main.1689b56b8df637b5.js":"d7a8c38548de898858ec267a7ee96aea28812b8078471aaa33fb4f4263b811cd","/index.html":"fdf793c5064556d8360328811b553752bc21832f2b881c860354e22b4f98b9a1","/favicon.ico":"2c19690e9587bae12f419b34d2edeecc76808099540a9c9f4ea6194116cfc8f7\r","/814.342db6c3211e1f64.js":"43806861a60498b2a4cc584d1c24e26716e0741c003418594884ebdc3999b210","/3rdpartylicenses.txt":"b5c0cf7a6291612fa27a536c1a165f263414a59704195aa7564497cc3382d921","/assets/icons8-google-48.png":"8e08ff6f316c6fc4cdb849624480bc5b7602e625f98771fb7f9400c897560c78\r"}}
[debug] [2024-09-28T13:40:58.602Z] <<< [apiv2][status] POST https://firebasehosting.googleapis.com/v1beta1/projects/871937597927/sites/crud-operation-53f92/versions/5e78113311517985:populateFiles 200
[debug] [2024-09-28T13:40:58.602Z] <<< [apiv2][body] POST https://firebasehosting.googleapis.com/v1beta1/projects/871937597927/sites/crud-operation-53f92/versions/5e78113311517985:populateFiles {"uploadUrl":"https://upload-firebasehosting.googleapis.com/upload/sites/crud-operation-53f92/versions/5e78113311517985/files"}
[debug] [2024-09-28T13:40:58.603Z] [hosting][populate queue][FINAL] {"max":664,"min":664,"avg":664,"active":0,"complete":1,"success":1,"errored":0,"retried":0,"total":1,"elapsed":664}
[debug] [2024-09-28T13:40:58.603Z] [hosting] uploads queued: 0
[debug] [2024-09-28T13:40:58.603Z] [hosting][upload queue][FINAL] {"max":0,"min":9999999999,"avg":0,"active":0,"complete":0,"success":0,"errored":0,"retried":0,"total":0,"elapsed":1727530858603}
[info] +  hosting[crud-operation-53f92]: file upload complete 
[debug] [2024-09-28T13:40:58.605Z] [hosting] deploy completed after 709ms
[debug] [2024-09-28T13:40:58.606Z] [
  {
    "config": {
      "public": "dist",
      "ignore": [
        "firebase.json",
        "**/.*",
        "**/node_modules/**"
      ],
      "rewrites": [
        {
          "source": "**",
          "destination": "/index.html"
        }
      ],
      "headers": [
        {
          "source": "**",
          "headers": [
            {
              "key": "Cross-Origin-Opener-Policy",
              "value": ""
            },
            {
              "key": "Cross-Origin-Embedder-Policy",
              "value": ""
            }
          ]
        }
      ],
      "site": "crud-operation-53f92"
    },
    "version": "projects/871937597927/sites/crud-operation-53f92/versions/5e78113311517985"
  }
]
[info] i  hosting[crud-operation-53f92]: finalizing version... 
[debug] [2024-09-28T13:40:58.612Z] Checked if tokens are valid: true, expires at: 1727534253978
[debug] [2024-09-28T13:40:58.612Z] Checked if tokens are valid: true, expires at: 1727534253978
[debug] [2024-09-28T13:40:58.617Z] >>> [apiv2][query] PATCH https://firebasehosting.googleapis.com/v1beta1/projects/-/sites/crud-operation-53f92/versions/5e78113311517985 updateMask=status%2Cconfig
[debug] [2024-09-28T13:40:58.618Z] >>> [apiv2][body] PATCH https://firebasehosting.googleapis.com/v1beta1/projects/-/sites/crud-operation-53f92/versions/5e78113311517985 {"status":"FINALIZED","config":{"rewrites":[{"glob":"**","path":"/index.html"}],"headers":[{"glob":"**","headers":{"Cross-Origin-Opener-Policy":"","Cross-Origin-Embedder-Policy":""}}]}}
[debug] [2024-09-28T13:40:59.275Z] <<< [apiv2][status] PATCH https://firebasehosting.googleapis.com/v1beta1/projects/-/sites/crud-operation-53f92/versions/5e78113311517985 200
[debug] [2024-09-28T13:40:59.276Z] <<< [apiv2][body] PATCH https://firebasehosting.googleapis.com/v1beta1/projects/-/sites/crud-operation-53f92/versions/5e78113311517985 {"name":"projects/871937597927/sites/crud-operation-53f92/versions/5e78113311517985","status":"FINALIZED","config":{"headers":[{"headers":{"Cross-Origin-Opener-Policy":"","Cross-Origin-Embedder-Policy":""},"glob":"**"}],"rewrites":[{"glob":"**","path":"/index.html"}]},"labels":{"deployment-tool":"cli-firebase"},"createTime":"2024-09-28T13:40:58.532435Z","createUser":{"email":"roshan.angrio13@gmail.com"},"finalizeTime":"2024-09-28T13:41:00.045940Z","finalizeUser":{"email":"roshan.angrio13@gmail.com"}}
[debug] [2024-09-28T13:40:59.276Z] [hosting] finalized version for crud-operation-53f92:[object Object]
[info] +  hosting[crud-operation-53f92]: version finalized 
[info] i  hosting[crud-operation-53f92]: releasing new version... 
[debug] [2024-09-28T13:40:59.278Z] Checked if tokens are valid: true, expires at: 1727534253978
[debug] [2024-09-28T13:40:59.278Z] Checked if tokens are valid: true, expires at: 1727534253978
[debug] [2024-09-28T13:40:59.279Z] >>> [apiv2][query] POST https://firebasehosting.googleapis.com/v1beta1/projects/-/sites/crud-operation-53f92/channels/live/releases versionName=projects%2F871937597927%2Fsites%2Fcrud-operation-53f92%2Fversions%2F5e78113311517985
[debug] [2024-09-28T13:40:59.279Z] >>> [apiv2][body] POST https://firebasehosting.googleapis.com/v1beta1/projects/-/sites/crud-operation-53f92/channels/live/releases {}
